<?xml version="1.0" encoding="UTF-8"?>
<testng-results skipped="0" failed="0" ignored="0" total="1" passed="1">
  <reporter-output>
  </reporter-output>
  <suite name="Default suite" duration-ms="3024" started-at="2017-11-16T12:26:51Z" finished-at="2017-11-16T12:26:54Z">
    <groups>
    </groups>
    <test name="Default test" duration-ms="3024" started-at="2017-11-16T12:26:51Z" finished-at="2017-11-16T12:26:54Z">
      <class name="com.testking.SelInterview.draganddrop">
        <test-method status="PASS" signature="dragdrop()[pri:0, instance:com.testking.SelInterview.draganddrop@1832929]" name="dragdrop" duration-ms="2992" started-at="2017-11-16T17:56:51Z" finished-at="2017-11-16T17:56:54Z">
          <reporter-output>
          </reporter-output>
        </test-method> <!-- dragdrop -->
      </class> <!-- com.testking.SelInterview.draganddrop -->
    </test> <!-- Default test -->
  </suite> <!-- Default suite -->
</testng-results>
